<?xml version="1.0" encoding="UTF-8"?>
<testng-results ignored="0" total="7" passed="1" failed="6" skipped="0">
  <reporter-output>
  </reporter-output>
  <suite started-at="2020-03-17T23:08:58 AEDT" name="Default suite" finished-at="2020-03-17T23:10:04 AEDT" duration-ms="65798">
    <groups>
    </groups>
    <test started-at="2020-03-17T23:08:58 AEDT" name="Default test" finished-at="2020-03-17T23:10:04 AEDT" duration-ms="65798">
      <class name="Implementation.AmazonTest">
        <test-method is-config="true" signature="beforesuitreport()[pri:0, instance:Implementation.AmazonTest@3d285d7e]" started-at="2020-03-17T23:08:58 AEDT" name="beforesuitreport" finished-at="2020-03-17T23:08:58 AEDT" duration-ms="280" status="PASS">
          <reporter-output>
          </reporter-output>
        </test-method> <!-- beforesuitreport -->
        <test-method is-config="true" signature="baseClass()[pri:0, instance:Implementation.AmazonTest@3d285d7e]" started-at="2020-03-17T23:08:58 AEDT" name="baseClass" finished-at="2020-03-17T23:09:50 AEDT" duration-ms="52137" status="PASS">
          <reporter-output>
          </reporter-output>
        </test-method> <!-- baseClass -->
        <test-method is-config="true" signature="reportconfiguration(java.lang.reflect.Method)[pri:0, instance:Implementation.AmazonTest@3d285d7e]" started-at="2020-03-17T23:09:50 AEDT" name="reportconfiguration" finished-at="2020-03-17T23:09:50 AEDT" duration-ms="21" status="PASS">
          <params>
            <param index="0">
              <value>
                <![CDATA[public void Implementation.AmazonTest.LaunchAmazonApp() throws java.lang.Exception]]>
              </value>
            </param>
          </params>
          <reporter-output>
          </reporter-output>
        </test-method> <!-- reportconfiguration -->
        <test-method signature="LaunchAmazonApp()[pri:1, instance:Implementation.AmazonTest@3d285d7e]" started-at="2020-03-17T23:09:50 AEDT" name="LaunchAmazonApp" finished-at="2020-03-17T23:09:53 AEDT" duration-ms="2999" status="PASS">
          <reporter-output>
          </reporter-output>
        </test-method> <!-- LaunchAmazonApp -->
        <test-method is-config="true" signature="endTest(org.testng.ITestResult)[pri:0, instance:Implementation.AmazonTest@3d285d7e]" started-at="2020-03-17T23:09:53 AEDT" name="endTest" finished-at="2020-03-17T23:09:53 AEDT" duration-ms="2" status="PASS">
          <params>
            <param index="0">
              <value>
                <![CDATA[[TestResult name=LaunchAmazonApp status=SUCCESS method=AmazonTest.LaunchAmazonApp()[pri:1, instance:Implementation.AmazonTest@3d285d7e] output={null}]]]>
              </value>
            </param>
          </params>
          <reporter-output>
          </reporter-output>
        </test-method> <!-- endTest -->
        <test-method is-config="true" signature="reportconfiguration(java.lang.reflect.Method)[pri:0, instance:Implementation.AmazonTest@3d285d7e]" started-at="2020-03-17T23:09:54 AEDT" name="reportconfiguration" finished-at="2020-03-17T23:09:54 AEDT" duration-ms="1" status="PASS">
          <params>
            <param index="0">
              <value>
                <![CDATA[public void Implementation.AmazonTest.CustomerSignin(java.lang.String,java.lang.String,java.lang.String,java.lang.String) throws java.lang.Exception]]>
              </value>
            </param>
          </params>
          <reporter-output>
          </reporter-output>
        </test-method> <!-- reportconfiguration -->
        <test-method signature="CustomerSignin(java.lang.String, java.lang.String, java.lang.String, java.lang.String)[pri:2, instance:Implementation.AmazonTest@3d285d7e]" started-at="2020-03-17T23:09:54 AEDT" name="CustomerSignin" data-provider="Authentication" finished-at="2020-03-17T23:09:58 AEDT" duration-ms="3428" status="FAIL">
          <params>
            <param index="0">
              <value>
                <![CDATA[7405161347]]>
              </value>
            </param>
            <param index="1">
              <value>
                <![CDATA[Ajit@123]]>
              </value>
            </param>
            <param index="2">
              <value>
                <![CDATA[65-inch TV]]>
              </value>
            </param>
            <param index="3">
              <value>
                <![CDATA[4462030000000000]]>
              </value>
            </param>
          </params>
          <exception class="java.lang.AssertionError">
            <message>
              <![CDATA[Login issue occured login amazon account]]>
            </message>
            <full-stacktrace>
              <![CDATA[java.lang.AssertionError: Login issue occured login amazon account
at org.testng.AssertJUnit.fail(AssertJUnit.java:47)
at org.testng.AssertJUnit.assertTrue(AssertJUnit.java:20)
at Implementation.AmazonTest.CustomerSignin(AmazonTest.java:129)
at java.base/jdk.internal.reflect.NativeMethodAccessorImpl.invoke0(Native Method)
at java.base/jdk.internal.reflect.NativeMethodAccessorImpl.invoke(NativeMethodAccessorImpl.java:62)
at java.base/jdk.internal.reflect.DelegatingMethodAccessorImpl.invoke(DelegatingMethodAccessorImpl.java:43)
at java.base/java.lang.reflect.Method.invoke(Method.java:567)
at org.testng.internal.MethodInvocationHelper.invokeMethod(MethodInvocationHelper.java:134)
at org.testng.internal.TestInvoker.invokeMethod(TestInvoker.java:597)
at org.testng.internal.TestInvoker.invokeTestMethod(TestInvoker.java:173)
at org.testng.internal.MethodRunner.runInSequence(MethodRunner.java:46)
at org.testng.internal.TestInvoker$MethodInvocationAgent.invoke(TestInvoker.java:816)
at org.testng.internal.TestInvoker.invokeTestMethods(TestInvoker.java:146)
at org.testng.internal.TestMethodWorker.invokeTestMethods(TestMethodWorker.java:146)
at org.testng.internal.TestMethodWorker.run(TestMethodWorker.java:128)
at java.base/java.util.ArrayList.forEach(ArrayList.java:1507)
at org.testng.TestRunner.privateRun(TestRunner.java:766)
at org.testng.TestRunner.run(TestRunner.java:587)
at org.testng.SuiteRunner.runTest(SuiteRunner.java:384)
at org.testng.SuiteRunner.runSequentially(SuiteRunner.java:378)
at org.testng.SuiteRunner.privateRun(SuiteRunner.java:337)
at org.testng.SuiteRunner.run(SuiteRunner.java:286)
at org.testng.SuiteRunnerWorker.runSuite(SuiteRunnerWorker.java:53)
at org.testng.SuiteRunnerWorker.run(SuiteRunnerWorker.java:96)
at org.testng.TestNG.runSuitesSequentially(TestNG.java:1187)
at org.testng.TestNG.runSuitesLocally(TestNG.java:1109)
at org.testng.TestNG.runSuites(TestNG.java:1039)
at org.testng.TestNG.run(TestNG.java:1007)
at org.testng.remote.AbstractRemoteTestNG.run(AbstractRemoteTestNG.java:115)
at org.testng.remote.RemoteTestNG.initAndRun(RemoteTestNG.java:251)
at org.testng.remote.RemoteTestNG.main(RemoteTestNG.java:77)
]]>
            </full-stacktrace>
          </exception> <!-- java.lang.AssertionError -->
          <reporter-output>
          </reporter-output>
        </test-method> <!-- CustomerSignin -->
        <test-method is-config="true" signature="endTest(org.testng.ITestResult)[pri:0, instance:Implementation.AmazonTest@3d285d7e]" started-at="2020-03-17T23:09:58 AEDT" name="endTest" finished-at="2020-03-17T23:09:58 AEDT" duration-ms="1" status="PASS">
          <params>
            <param index="0">
              <value>
                <![CDATA[[TestResult name=CustomerSignin status=FAILURE method=AmazonTest.CustomerSignin(java.lang.String, java.lang.String, java.lang.String, java.lang.String)[pri:2, instance:Implementation.AmazonTest@3d285d7e] output={null}]]]>
              </value>
            </param>
          </params>
          <reporter-output>
          </reporter-output>
        </test-method> <!-- endTest -->
        <test-method is-config="true" signature="reportconfiguration(java.lang.reflect.Method)[pri:0, instance:Implementation.AmazonTest@3d285d7e]" started-at="2020-03-17T23:09:58 AEDT" name="reportconfiguration" finished-at="2020-03-17T23:09:58 AEDT" duration-ms="0" status="PASS">
          <params>
            <param index="0">
              <value>
                <![CDATA[public void Implementation.AmazonTest.ProductSearch_Result(java.lang.String,java.lang.String,java.lang.String,java.lang.String) throws java.lang.Exception]]>
              </value>
            </param>
          </params>
          <reporter-output>
          </reporter-output>
        </test-method> <!-- reportconfiguration -->
        <test-method signature="ProductSearch_Result(java.lang.String, java.lang.String, java.lang.String, java.lang.String)[pri:3, instance:Implementation.AmazonTest@3d285d7e]" started-at="2020-03-17T23:09:58 AEDT" name="ProductSearch_Result" data-provider="Authentication" finished-at="2020-03-17T23:09:59 AEDT" duration-ms="1189" status="FAIL">
          <params>
            <param index="0">
              <value>
                <![CDATA[7405161347]]>
              </value>
            </param>
            <param index="1">
              <value>
                <![CDATA[Ajit@123]]>
              </value>
            </param>
            <param index="2">
              <value>
                <![CDATA[65-inch TV]]>
              </value>
            </param>
            <param index="3">
              <value>
                <![CDATA[4462030000000000]]>
              </value>
            </param>
          </params>
          <exception class="java.lang.AssertionError">
            <message>
              <![CDATA[Could not able to find the 50-60 inch TV Product]]>
            </message>
            <full-stacktrace>
              <![CDATA[java.lang.AssertionError: Could not able to find the 50-60 inch TV Product
at org.testng.AssertJUnit.fail(AssertJUnit.java:47)
at org.testng.AssertJUnit.assertTrue(AssertJUnit.java:20)
at Implementation.AmazonTest.ProductSearch_Result(AmazonTest.java:155)
at java.base/jdk.internal.reflect.NativeMethodAccessorImpl.invoke0(Native Method)
at java.base/jdk.internal.reflect.NativeMethodAccessorImpl.invoke(NativeMethodAccessorImpl.java:62)
at java.base/jdk.internal.reflect.DelegatingMethodAccessorImpl.invoke(DelegatingMethodAccessorImpl.java:43)
at java.base/java.lang.reflect.Method.invoke(Method.java:567)
at org.testng.internal.MethodInvocationHelper.invokeMethod(MethodInvocationHelper.java:134)
at org.testng.internal.TestInvoker.invokeMethod(TestInvoker.java:597)
at org.testng.internal.TestInvoker.invokeTestMethod(TestInvoker.java:173)
at org.testng.internal.MethodRunner.runInSequence(MethodRunner.java:46)
at org.testng.internal.TestInvoker$MethodInvocationAgent.invoke(TestInvoker.java:816)
at org.testng.internal.TestInvoker.invokeTestMethods(TestInvoker.java:146)
at org.testng.internal.TestMethodWorker.invokeTestMethods(TestMethodWorker.java:146)
at org.testng.internal.TestMethodWorker.run(TestMethodWorker.java:128)
at java.base/java.util.ArrayList.forEach(ArrayList.java:1507)
at org.testng.TestRunner.privateRun(TestRunner.java:766)
at org.testng.TestRunner.run(TestRunner.java:587)
at org.testng.SuiteRunner.runTest(SuiteRunner.java:384)
at org.testng.SuiteRunner.runSequentially(SuiteRunner.java:378)
at org.testng.SuiteRunner.privateRun(SuiteRunner.java:337)
at org.testng.SuiteRunner.run(SuiteRunner.java:286)
at org.testng.SuiteRunnerWorker.runSuite(SuiteRunnerWorker.java:53)
at org.testng.SuiteRunnerWorker.run(SuiteRunnerWorker.java:96)
at org.testng.TestNG.runSuitesSequentially(TestNG.java:1187)
at org.testng.TestNG.runSuitesLocally(TestNG.java:1109)
at org.testng.TestNG.runSuites(TestNG.java:1039)
at org.testng.TestNG.run(TestNG.java:1007)
at org.testng.remote.AbstractRemoteTestNG.run(AbstractRemoteTestNG.java:115)
at org.testng.remote.RemoteTestNG.initAndRun(RemoteTestNG.java:251)
at org.testng.remote.RemoteTestNG.main(RemoteTestNG.java:77)
]]>
            </full-stacktrace>
          </exception> <!-- java.lang.AssertionError -->
          <reporter-output>
          </reporter-output>
        </test-method> <!-- ProductSearch_Result -->
        <test-method is-config="true" signature="endTest(org.testng.ITestResult)[pri:0, instance:Implementation.AmazonTest@3d285d7e]" started-at="2020-03-17T23:09:59 AEDT" name="endTest" finished-at="2020-03-17T23:09:59 AEDT" duration-ms="1" status="PASS">
          <params>
            <param index="0">
              <value>
                <![CDATA[[TestResult name=ProductSearch_Result status=FAILURE method=AmazonTest.ProductSearch_Result(java.lang.String, java.lang.String, java.lang.String, java.lang.String)[pri:3, instance:Implementation.AmazonTest@3d285d7e] output={null}]]]>
              </value>
            </param>
          </params>
          <reporter-output>
          </reporter-output>
        </test-method> <!-- endTest -->
        <test-method signature="SelectProductSearchResult(java.lang.String, java.lang.String, java.lang.String, java.lang.String)[pri:4, instance:Implementation.AmazonTest@3d285d7e]" started-at="2020-03-17T23:09:59 AEDT" name="SelectProductSearchResult" data-provider="Authentication" finished-at="2020-03-17T23:10:00 AEDT" duration-ms="1175" status="FAIL">
          <params>
            <param index="0">
              <value>
                <![CDATA[7405161347]]>
              </value>
            </param>
            <param index="1">
              <value>
                <![CDATA[Ajit@123]]>
              </value>
            </param>
            <param index="2">
              <value>
                <![CDATA[65-inch TV]]>
              </value>
            </param>
            <param index="3">
              <value>
                <![CDATA[4462030000000000]]>
              </value>
            </param>
          </params>
          <exception class="java.lang.AssertionError">
            <message>
              <![CDATA[Could not able to find the Search Product]]>
            </message>
            <full-stacktrace>
              <![CDATA[java.lang.AssertionError: Could not able to find the Search Product
at org.testng.AssertJUnit.fail(AssertJUnit.java:47)
at org.testng.AssertJUnit.assertTrue(AssertJUnit.java:20)
at Implementation.AmazonTest.SelectProductSearchResult(AmazonTest.java:180)
at java.base/jdk.internal.reflect.NativeMethodAccessorImpl.invoke0(Native Method)
at java.base/jdk.internal.reflect.NativeMethodAccessorImpl.invoke(NativeMethodAccessorImpl.java:62)
at java.base/jdk.internal.reflect.DelegatingMethodAccessorImpl.invoke(DelegatingMethodAccessorImpl.java:43)
at java.base/java.lang.reflect.Method.invoke(Method.java:567)
at org.testng.internal.MethodInvocationHelper.invokeMethod(MethodInvocationHelper.java:134)
at org.testng.internal.TestInvoker.invokeMethod(TestInvoker.java:597)
at org.testng.internal.TestInvoker.invokeTestMethod(TestInvoker.java:173)
at org.testng.internal.MethodRunner.runInSequence(MethodRunner.java:46)
at org.testng.internal.TestInvoker$MethodInvocationAgent.invoke(TestInvoker.java:816)
at org.testng.internal.TestInvoker.invokeTestMethods(TestInvoker.java:146)
at org.testng.internal.TestMethodWorker.invokeTestMethods(TestMethodWorker.java:146)
at org.testng.internal.TestMethodWorker.run(TestMethodWorker.java:128)
at java.base/java.util.ArrayList.forEach(ArrayList.java:1507)
at org.testng.TestRunner.privateRun(TestRunner.java:766)
at org.testng.TestRunner.run(TestRunner.java:587)
at org.testng.SuiteRunner.runTest(SuiteRunner.java:384)
at org.testng.SuiteRunner.runSequentially(SuiteRunner.java:378)
at org.testng.SuiteRunner.privateRun(SuiteRunner.java:337)
at org.testng.SuiteRunner.run(SuiteRunner.java:286)
at org.testng.SuiteRunnerWorker.runSuite(SuiteRunnerWorker.java:53)
at org.testng.SuiteRunnerWorker.run(SuiteRunnerWorker.java:96)
at org.testng.TestNG.runSuitesSequentially(TestNG.java:1187)
at org.testng.TestNG.runSuitesLocally(TestNG.java:1109)
at org.testng.TestNG.runSuites(TestNG.java:1039)
at org.testng.TestNG.run(TestNG.java:1007)
at org.testng.remote.AbstractRemoteTestNG.run(AbstractRemoteTestNG.java:115)
at org.testng.remote.RemoteTestNG.initAndRun(RemoteTestNG.java:251)
at org.testng.remote.RemoteTestNG.main(RemoteTestNG.java:77)
]]>
            </full-stacktrace>
          </exception> <!-- java.lang.AssertionError -->
          <reporter-output>
          </reporter-output>
        </test-method> <!-- SelectProductSearchResult -->
        <test-method is-config="true" signature="reportconfiguration(java.lang.reflect.Method)[pri:0, instance:Implementation.AmazonTest@3d285d7e]" started-at="2020-03-17T23:09:59 AEDT" name="reportconfiguration" finished-at="2020-03-17T23:09:59 AEDT" duration-ms="0" status="PASS">
          <params>
            <param index="0">
              <value>
                <![CDATA[public void Implementation.AmazonTest.SelectProductSearchResult(java.lang.String,java.lang.String,java.lang.String,java.lang.String) throws java.lang.Exception]]>
              </value>
            </param>
          </params>
          <reporter-output>
          </reporter-output>
        </test-method> <!-- reportconfiguration -->
        <test-method is-config="true" signature="endTest(org.testng.ITestResult)[pri:0, instance:Implementation.AmazonTest@3d285d7e]" started-at="2020-03-17T23:10:00 AEDT" name="endTest" finished-at="2020-03-17T23:10:00 AEDT" duration-ms="1" status="PASS">
          <params>
            <param index="0">
              <value>
                <![CDATA[[TestResult name=SelectProductSearchResult status=FAILURE method=AmazonTest.SelectProductSearchResult(java.lang.String, java.lang.String, java.lang.String, java.lang.String)[pri:4, instance:Implementation.AmazonTest@3d285d7e] output={null}]]]>
              </value>
            </param>
          </params>
          <reporter-output>
          </reporter-output>
        </test-method> <!-- endTest -->
        <test-method is-config="true" signature="reportconfiguration(java.lang.reflect.Method)[pri:0, instance:Implementation.AmazonTest@3d285d7e]" started-at="2020-03-17T23:10:00 AEDT" name="reportconfiguration" finished-at="2020-03-17T23:10:00 AEDT" duration-ms="1" status="PASS">
          <params>
            <param index="0">
              <value>
                <![CDATA[public void Implementation.AmazonTest.ViewProductDetailPageWithAddCart(java.lang.String,java.lang.String,java.lang.String,java.lang.String) throws java.lang.Exception]]>
              </value>
            </param>
          </params>
          <reporter-output>
          </reporter-output>
        </test-method> <!-- reportconfiguration -->
        <test-method signature="ViewProductDetailPageWithAddCart(java.lang.String, java.lang.String, java.lang.String, java.lang.String)[pri:5, instance:Implementation.AmazonTest@3d285d7e]" started-at="2020-03-17T23:10:00 AEDT" name="ViewProductDetailPageWithAddCart" data-provider="Authentication" finished-at="2020-03-17T23:10:02 AEDT" duration-ms="1180" status="FAIL">
          <params>
            <param index="0">
              <value>
                <![CDATA[7405161347]]>
              </value>
            </param>
            <param index="1">
              <value>
                <![CDATA[Ajit@123]]>
              </value>
            </param>
            <param index="2">
              <value>
                <![CDATA[65-inch TV]]>
              </value>
            </param>
            <param index="3">
              <value>
                <![CDATA[4462030000000000]]>
              </value>
            </param>
          </params>
          <exception class="java.lang.AssertionError">
            <message>
              <![CDATA[Could not able to find the Search Product]]>
            </message>
            <full-stacktrace>
              <![CDATA[java.lang.AssertionError: Could not able to find the Search Product
at org.testng.AssertJUnit.fail(AssertJUnit.java:47)
at org.testng.AssertJUnit.assertTrue(AssertJUnit.java:20)
at Implementation.AmazonTest.ViewProductDetailPageWithAddCart(AmazonTest.java:207)
at java.base/jdk.internal.reflect.NativeMethodAccessorImpl.invoke0(Native Method)
at java.base/jdk.internal.reflect.NativeMethodAccessorImpl.invoke(NativeMethodAccessorImpl.java:62)
at java.base/jdk.internal.reflect.DelegatingMethodAccessorImpl.invoke(DelegatingMethodAccessorImpl.java:43)
at java.base/java.lang.reflect.Method.invoke(Method.java:567)
at org.testng.internal.MethodInvocationHelper.invokeMethod(MethodInvocationHelper.java:134)
at org.testng.internal.TestInvoker.invokeMethod(TestInvoker.java:597)
at org.testng.internal.TestInvoker.invokeTestMethod(TestInvoker.java:173)
at org.testng.internal.MethodRunner.runInSequence(MethodRunner.java:46)
at org.testng.internal.TestInvoker$MethodInvocationAgent.invoke(TestInvoker.java:816)
at org.testng.internal.TestInvoker.invokeTestMethods(TestInvoker.java:146)
at org.testng.internal.TestMethodWorker.invokeTestMethods(TestMethodWorker.java:146)
at org.testng.internal.TestMethodWorker.run(TestMethodWorker.java:128)
at java.base/java.util.ArrayList.forEach(ArrayList.java:1507)
at org.testng.TestRunner.privateRun(TestRunner.java:766)
at org.testng.TestRunner.run(TestRunner.java:587)
at org.testng.SuiteRunner.runTest(SuiteRunner.java:384)
at org.testng.SuiteRunner.runSequentially(SuiteRunner.java:378)
at org.testng.SuiteRunner.privateRun(SuiteRunner.java:337)
at org.testng.SuiteRunner.run(SuiteRunner.java:286)
at org.testng.SuiteRunnerWorker.runSuite(SuiteRunnerWorker.java:53)
at org.testng.SuiteRunnerWorker.run(SuiteRunnerWorker.java:96)
at org.testng.TestNG.runSuitesSequentially(TestNG.java:1187)
at org.testng.TestNG.runSuitesLocally(TestNG.java:1109)
at org.testng.TestNG.runSuites(TestNG.java:1039)
at org.testng.TestNG.run(TestNG.java:1007)
at org.testng.remote.AbstractRemoteTestNG.run(AbstractRemoteTestNG.java:115)
at org.testng.remote.RemoteTestNG.initAndRun(RemoteTestNG.java:251)
at org.testng.remote.RemoteTestNG.main(RemoteTestNG.java:77)
]]>
            </full-stacktrace>
          </exception> <!-- java.lang.AssertionError -->
          <reporter-output>
          </reporter-output>
        </test-method> <!-- ViewProductDetailPageWithAddCart -->
        <test-method is-config="true" signature="endTest(org.testng.ITestResult)[pri:0, instance:Implementation.AmazonTest@3d285d7e]" started-at="2020-03-17T23:10:02 AEDT" name="endTest" finished-at="2020-03-17T23:10:02 AEDT" duration-ms="1" status="PASS">
          <params>
            <param index="0">
              <value>
                <![CDATA[[TestResult name=ViewProductDetailPageWithAddCart status=FAILURE method=AmazonTest.ViewProductDetailPageWithAddCart(java.lang.String, java.lang.String, java.lang.String, java.lang.String)[pri:5, instance:Implementation.AmazonTest@3d285d7e] output={null}]]]>
              </value>
            </param>
          </params>
          <reporter-output>
          </reporter-output>
        </test-method> <!-- endTest -->
        <test-method is-config="true" signature="reportconfiguration(java.lang.reflect.Method)[pri:0, instance:Implementation.AmazonTest@3d285d7e]" started-at="2020-03-17T23:10:02 AEDT" name="reportconfiguration" finished-at="2020-03-17T23:10:02 AEDT" duration-ms="0" status="PASS">
          <params>
            <param index="0">
              <value>
                <![CDATA[public void Implementation.AmazonTest.VerifyProductDetailsWithShoppingCart(java.lang.String,java.lang.String,java.lang.String,java.lang.String) throws java.lang.Exception]]>
              </value>
            </param>
          </params>
          <reporter-output>
          </reporter-output>
        </test-method> <!-- reportconfiguration -->
        <test-method signature="VerifyProductDetailsWithShoppingCart(java.lang.String, java.lang.String, java.lang.String, java.lang.String)[pri:6, instance:Implementation.AmazonTest@3d285d7e]" started-at="2020-03-17T23:10:02 AEDT" name="VerifyProductDetailsWithShoppingCart" data-provider="Authentication" finished-at="2020-03-17T23:10:03 AEDT" duration-ms="1203" status="FAIL">
          <params>
            <param index="0">
              <value>
                <![CDATA[7405161347]]>
              </value>
            </param>
            <param index="1">
              <value>
                <![CDATA[Ajit@123]]>
              </value>
            </param>
            <param index="2">
              <value>
                <![CDATA[65-inch TV]]>
              </value>
            </param>
            <param index="3">
              <value>
                <![CDATA[4462030000000000]]>
              </value>
            </param>
          </params>
          <exception class="java.lang.AssertionError">
            <message>
              <![CDATA[Could not able to find the Search Product]]>
            </message>
            <full-stacktrace>
              <![CDATA[java.lang.AssertionError: Could not able to find the Search Product
at org.testng.AssertJUnit.fail(AssertJUnit.java:47)
at org.testng.AssertJUnit.assertTrue(AssertJUnit.java:20)
at Implementation.AmazonTest.VerifyProductDetailsWithShoppingCart(AmazonTest.java:234)
at java.base/jdk.internal.reflect.NativeMethodAccessorImpl.invoke0(Native Method)
at java.base/jdk.internal.reflect.NativeMethodAccessorImpl.invoke(NativeMethodAccessorImpl.java:62)
at java.base/jdk.internal.reflect.DelegatingMethodAccessorImpl.invoke(DelegatingMethodAccessorImpl.java:43)
at java.base/java.lang.reflect.Method.invoke(Method.java:567)
at org.testng.internal.MethodInvocationHelper.invokeMethod(MethodInvocationHelper.java:134)
at org.testng.internal.TestInvoker.invokeMethod(TestInvoker.java:597)
at org.testng.internal.TestInvoker.invokeTestMethod(TestInvoker.java:173)
at org.testng.internal.MethodRunner.runInSequence(MethodRunner.java:46)
at org.testng.internal.TestInvoker$MethodInvocationAgent.invoke(TestInvoker.java:816)
at org.testng.internal.TestInvoker.invokeTestMethods(TestInvoker.java:146)
at org.testng.internal.TestMethodWorker.invokeTestMethods(TestMethodWorker.java:146)
at org.testng.internal.TestMethodWorker.run(TestMethodWorker.java:128)
at java.base/java.util.ArrayList.forEach(ArrayList.java:1507)
at org.testng.TestRunner.privateRun(TestRunner.java:766)
at org.testng.TestRunner.run(TestRunner.java:587)
at org.testng.SuiteRunner.runTest(SuiteRunner.java:384)
at org.testng.SuiteRunner.runSequentially(SuiteRunner.java:378)
at org.testng.SuiteRunner.privateRun(SuiteRunner.java:337)
at org.testng.SuiteRunner.run(SuiteRunner.java:286)
at org.testng.SuiteRunnerWorker.runSuite(SuiteRunnerWorker.java:53)
at org.testng.SuiteRunnerWorker.run(SuiteRunnerWorker.java:96)
at org.testng.TestNG.runSuitesSequentially(TestNG.java:1187)
at org.testng.TestNG.runSuitesLocally(TestNG.java:1109)
at org.testng.TestNG.runSuites(TestNG.java:1039)
at org.testng.TestNG.run(TestNG.java:1007)
at org.testng.remote.AbstractRemoteTestNG.run(AbstractRemoteTestNG.java:115)
at org.testng.remote.RemoteTestNG.initAndRun(RemoteTestNG.java:251)
at org.testng.remote.RemoteTestNG.main(RemoteTestNG.java:77)
]]>
            </full-stacktrace>
          </exception> <!-- java.lang.AssertionError -->
          <reporter-output>
          </reporter-output>
        </test-method> <!-- VerifyProductDetailsWithShoppingCart -->
        <test-method is-config="true" signature="endTest(org.testng.ITestResult)[pri:0, instance:Implementation.AmazonTest@3d285d7e]" started-at="2020-03-17T23:10:03 AEDT" name="endTest" finished-at="2020-03-17T23:10:03 AEDT" duration-ms="2" status="PASS">
          <params>
            <param index="0">
              <value>
                <![CDATA[[TestResult name=VerifyProductDetailsWithShoppingCart status=FAILURE method=AmazonTest.VerifyProductDetailsWithShoppingCart(java.lang.String, java.lang.String, java.lang.String, java.lang.String)[pri:6, instance:Implementation.AmazonTest@3d285d7e] output={null}]]]>
              </value>
            </param>
          </params>
          <reporter-output>
          </reporter-output>
        </test-method> <!-- endTest -->
        <test-method signature="ReachCheckoutSummaryVerifProducts(java.lang.String, java.lang.String, java.lang.String, java.lang.String)[pri:7, instance:Implementation.AmazonTest@3d285d7e]" started-at="2020-03-17T23:10:03 AEDT" name="ReachCheckoutSummaryVerifProducts" data-provider="Authentication" finished-at="2020-03-17T23:10:04 AEDT" duration-ms="1214" status="FAIL">
          <params>
            <param index="0">
              <value>
                <![CDATA[7405161347]]>
              </value>
            </param>
            <param index="1">
              <value>
                <![CDATA[Ajit@123]]>
              </value>
            </param>
            <param index="2">
              <value>
                <![CDATA[65-inch TV]]>
              </value>
            </param>
            <param index="3">
              <value>
                <![CDATA[4462030000000000]]>
              </value>
            </param>
          </params>
          <exception class="java.lang.AssertionError">
            <message>
              <![CDATA[technical difficulties Issues Faced Please try again after sometime]]>
            </message>
            <full-stacktrace>
              <![CDATA[java.lang.AssertionError: technical difficulties Issues Faced Please try again after sometime
at org.testng.AssertJUnit.fail(AssertJUnit.java:47)
at org.testng.AssertJUnit.assertTrue(AssertJUnit.java:20)
at Implementation.AmazonTest.ReachCheckoutSummaryVerifProducts(AmazonTest.java:317)
at java.base/jdk.internal.reflect.NativeMethodAccessorImpl.invoke0(Native Method)
at java.base/jdk.internal.reflect.NativeMethodAccessorImpl.invoke(NativeMethodAccessorImpl.java:62)
at java.base/jdk.internal.reflect.DelegatingMethodAccessorImpl.invoke(DelegatingMethodAccessorImpl.java:43)
at java.base/java.lang.reflect.Method.invoke(Method.java:567)
at org.testng.internal.MethodInvocationHelper.invokeMethod(MethodInvocationHelper.java:134)
at org.testng.internal.TestInvoker.invokeMethod(TestInvoker.java:597)
at org.testng.internal.TestInvoker.invokeTestMethod(TestInvoker.java:173)
at org.testng.internal.MethodRunner.runInSequence(MethodRunner.java:46)
at org.testng.internal.TestInvoker$MethodInvocationAgent.invoke(TestInvoker.java:816)
at org.testng.internal.TestInvoker.invokeTestMethods(TestInvoker.java:146)
at org.testng.internal.TestMethodWorker.invokeTestMethods(TestMethodWorker.java:146)
at org.testng.internal.TestMethodWorker.run(TestMethodWorker.java:128)
at java.base/java.util.ArrayList.forEach(ArrayList.java:1507)
at org.testng.TestRunner.privateRun(TestRunner.java:766)
at org.testng.TestRunner.run(TestRunner.java:587)
at org.testng.SuiteRunner.runTest(SuiteRunner.java:384)
at org.testng.SuiteRunner.runSequentially(SuiteRunner.java:378)
at org.testng.SuiteRunner.privateRun(SuiteRunner.java:337)
at org.testng.SuiteRunner.run(SuiteRunner.java:286)
at org.testng.SuiteRunnerWorker.runSuite(SuiteRunnerWorker.java:53)
at org.testng.SuiteRunnerWorker.run(SuiteRunnerWorker.java:96)
at org.testng.TestNG.runSuitesSequentially(TestNG.java:1187)
at org.testng.TestNG.runSuitesLocally(TestNG.java:1109)
at org.testng.TestNG.runSuites(TestNG.java:1039)
at org.testng.TestNG.run(TestNG.java:1007)
at org.testng.remote.AbstractRemoteTestNG.run(AbstractRemoteTestNG.java:115)
at org.testng.remote.RemoteTestNG.initAndRun(RemoteTestNG.java:251)
at org.testng.remote.RemoteTestNG.main(RemoteTestNG.java:77)
]]>
            </full-stacktrace>
          </exception> <!-- java.lang.AssertionError -->
          <reporter-output>
          </reporter-output>
        </test-method> <!-- ReachCheckoutSummaryVerifProducts -->
        <test-method is-config="true" signature="reportconfiguration(java.lang.reflect.Method)[pri:0, instance:Implementation.AmazonTest@3d285d7e]" started-at="2020-03-17T23:10:03 AEDT" name="reportconfiguration" finished-at="2020-03-17T23:10:03 AEDT" duration-ms="0" status="PASS">
          <params>
            <param index="0">
              <value>
                <![CDATA[public void Implementation.AmazonTest.ReachCheckoutSummaryVerifProducts(java.lang.String,java.lang.String,java.lang.String,java.lang.String) throws java.lang.Exception]]>
              </value>
            </param>
          </params>
          <reporter-output>
          </reporter-output>
        </test-method> <!-- reportconfiguration -->
        <test-method is-config="true" signature="endTest(org.testng.ITestResult)[pri:0, instance:Implementation.AmazonTest@3d285d7e]" started-at="2020-03-17T23:10:04 AEDT" name="endTest" finished-at="2020-03-17T23:10:04 AEDT" duration-ms="0" status="PASS">
          <params>
            <param index="0">
              <value>
                <![CDATA[[TestResult name=ReachCheckoutSummaryVerifProducts status=FAILURE method=AmazonTest.ReachCheckoutSummaryVerifProducts(java.lang.String, java.lang.String, java.lang.String, java.lang.String)[pri:7, instance:Implementation.AmazonTest@3d285d7e] output={null}]]]>
              </value>
            </param>
          </params>
          <reporter-output>
          </reporter-output>
        </test-method> <!-- endTest -->
        <test-method is-config="true" signature="closeApplication()[pri:0, instance:Implementation.AmazonTest@3d285d7e]" started-at="2020-03-17T23:10:04 AEDT" name="closeApplication" finished-at="2020-03-17T23:10:04 AEDT" duration-ms="1" status="FAIL">
          <exception class="org.openqa.selenium.WebDriverException">
            <message>
              <![CDATA[No command or response codec has been defined. Unable to proceed
Build info: version: '3.14.0', revision: 'aacccce0', time: '2018-08-02T20:19:58.91Z'
System info: host: '192-168-1-103.tpgi.com.au', ip: '192.168.1.103', os.name: 'Mac OS X', os.arch: 'x86_64', os.version: '10.15.3', java.version: '13.0.2'
Driver info: driver.version: RemoteWebDriver]]>
            </message>
            <full-stacktrace>
              <![CDATA[org.openqa.selenium.WebDriverException: No command or response codec has been defined. Unable to proceed
Build info: version: '3.14.0', revision: 'aacccce0', time: '2018-08-02T20:19:58.91Z'
System info: host: '192-168-1-103.tpgi.com.au', ip: '192.168.1.103', os.name: 'Mac OS X', os.arch: 'x86_64', os.version: '10.15.3', java.version: '13.0.2'
Driver info: driver.version: RemoteWebDriver
at org.openqa.selenium.remote.HttpCommandExecutor.execute(HttpCommandExecutor.java:148)
at org.openqa.selenium.remote.RemoteWebDriver.execute(RemoteWebDriver.java:548)
at io.appium.java_client.AppiumDriver.execute(AppiumDriver.java:180)
at io.appium.java_client.AppiumDriver.execute(AppiumDriver.java:185)
at org.openqa.selenium.remote.RemoteWebDriver.quit(RemoteWebDriver.java:448)
at Implementation.AmazonTest.closeApplication(AmazonTest.java:336)
at java.base/jdk.internal.reflect.NativeMethodAccessorImpl.invoke0(Native Method)
at java.base/jdk.internal.reflect.NativeMethodAccessorImpl.invoke(NativeMethodAccessorImpl.java:62)
at java.base/jdk.internal.reflect.DelegatingMethodAccessorImpl.invoke(DelegatingMethodAccessorImpl.java:43)
at java.base/java.lang.reflect.Method.invoke(Method.java:567)
at org.testng.internal.MethodInvocationHelper.invokeMethod(MethodInvocationHelper.java:134)
at org.testng.internal.MethodInvocationHelper.invokeMethodConsideringTimeout(MethodInvocationHelper.java:63)
at org.testng.internal.ConfigInvoker.invokeConfigurationMethod(ConfigInvoker.java:348)
at org.testng.internal.ConfigInvoker.invokeConfigurations(ConfigInvoker.java:302)
at org.testng.internal.TestMethodWorker.invokeAfterClassMethods(TestMethodWorker.java:217)
at org.testng.internal.TestMethodWorker.run(TestMethodWorker.java:130)
at java.base/java.util.ArrayList.forEach(ArrayList.java:1507)
at org.testng.TestRunner.privateRun(TestRunner.java:766)
at org.testng.TestRunner.run(TestRunner.java:587)
at org.testng.SuiteRunner.runTest(SuiteRunner.java:384)
at org.testng.SuiteRunner.runSequentially(SuiteRunner.java:378)
at org.testng.SuiteRunner.privateRun(SuiteRunner.java:337)
at org.testng.SuiteRunner.run(SuiteRunner.java:286)
at org.testng.SuiteRunnerWorker.runSuite(SuiteRunnerWorker.java:53)
at org.testng.SuiteRunnerWorker.run(SuiteRunnerWorker.java:96)
at org.testng.TestNG.runSuitesSequentially(TestNG.java:1187)
at org.testng.TestNG.runSuitesLocally(TestNG.java:1109)
at org.testng.TestNG.runSuites(TestNG.java:1039)
at org.testng.TestNG.run(TestNG.java:1007)
at org.testng.remote.AbstractRemoteTestNG.run(AbstractRemoteTestNG.java:115)
at org.testng.remote.RemoteTestNG.initAndRun(RemoteTestNG.java:251)
at org.testng.remote.RemoteTestNG.main(RemoteTestNG.java:77)
]]>
            </full-stacktrace>
          </exception> <!-- org.openqa.selenium.WebDriverException -->
          <reporter-output>
          </reporter-output>
        </test-method> <!-- closeApplication -->
        <test-method is-config="true" signature="teanDown()[pri:0, instance:Implementation.AmazonTest@3d285d7e]" started-at="2020-03-17T23:10:04 AEDT" name="teanDown" finished-at="1970-01-01T10:00:00 AEST" duration-ms="-1584447004558" status="SKIP">
          <reporter-output>
          </reporter-output>
        </test-method> <!-- teanDown -->
      </class> <!-- Implementation.AmazonTest -->
    </test> <!-- Default test -->
  </suite> <!-- Default suite -->
</testng-results>
